<?xml version="1.0" encoding="UTF-8"?>
<!-- Generated by org.testng.reporters.JUnitReportReporter -->
<testsuite skipped="0" hostname="L-158047823" name="com.MavenTest.AppTest" tests="2" failures="0" timestamp="2023-05-16T17:02:47 IST" time="0.008" errors="0">
  <testcase name="loginTest1" time="0.008" classname="com.MavenTest.AppTest"/>
  <system-out/>
  <testcase name="loginTest2" time="0.000" classname="com.MavenTest.AppTest"/>
  <system-out/>
</testsuite> <!-- com.MavenTest.AppTest -->
